<?xml version="1.0" encoding="UTF-8"?>
<!-- Generated by org.testng.reporters.JUnitXMLReporter -->
<testsuite hostname="vasu-PC" name="smoke" tests="4" failures="0" timestamp="27 May 2020 00:44:31 GMT" time="0.153" errors="0">
  <testcase name="method1" time="0.037" classname="com.vasu.testng.AnnotationsTest"/>
  <testcase name="method2" time="0.005" classname="com.vasu.testng.AnnotationsTest"/>
  <testcase name="method3" time="0.002" classname="com.vasu.testng.AnnotationsTest1"/>
  <testcase name="method4" time="0.003" classname="com.vasu.testng.AnnotationsTest1"/>
</testsuite> <!-- smoke -->
